Cpplint is just style guide checker, there are planty of style errors or warnings
resolved against  Google's coding style guides.

PCSC/src/hotplug.h:38:  #ifndef header guard has wrong style, please use: SRC_HOTPLUG_H_  [build/header_guard] [5]
PCSC/src/hotplug.h:59:  #endif line should be "#endif  // SRC_HOTPLUG_H_"  [build/header_guard] [5]
PCSC/src/winscard.c:1571:  If an else has a brace on one side, it should have it on both  [readability/braces] [5]
PCSC/src/winscard.c:1577:  If an else has a brace on one side, it should have it on both  [readability/braces] [5]
PCSC/src/winscard.c:1604:  If an else has a brace on one side, it should have it on both  [readability/braces] [5]
PCSC/src/winscard_msg.h:41:  #ifndef header guard has wrong style, please use: SRC_WINSCARD_MSG_H_  [build/header_guard] [5]
PCSC/src/winscard_msg.h:291:  #endif line should be "#endif  // SRC_WINSCARD_MSG_H_"  [build/header_guard] [5]
PCSC/src/sys_generic.h:38:  #ifndef header guard has wrong style, please use: SRC_SYS_GENERIC_H_  [build/header_guard] [5]
PCSC/src/sys_generic.h:52:  #endif line should be "#endif  // SRC_SYS_GENERIC_H_"  [build/header_guard] [5]
PCSC/src/PCSC/wintypes.h:38:  #ifndef header guard has wrong style, please use: SRC_PCSC_WINTYPES_H_  [build/header_guard] [5]
PCSC/src/PCSC/wintypes.h:115:  #endif line should be "#endif  // SRC_PCSC_WINTYPES_H_"  [build/header_guard] [5]
PCSC/UnitaryTests/SCardCancel.c:0:  No copyright message found.  You should have a line: "Copyright [year] <Copyright Owner>"  [legal/copyright] [5]
PCSC/src/hotplug_libudev.c:62:  Empty loop bodies should use {} or continue  [whitespace/empty_loop_body] [5]
PCSC/src/winscard_clnt.c:207:  Never use sprintf. Use snprintf instead.  [runtime/printf] [5]
PCSC/src/winscard_clnt.c:2127:  Empty loop bodies should use {} or continue  [whitespace/empty_loop_body] [5]
PCSC/src/PCSC/debuglog.h:54:  #ifndef header guard has wrong style, please use: SRC_PCSC_DEBUGLOG_H_  [build/header_guard] [5]
PCSC/src/PCSC/debuglog.h:132:  #endif line should be "#endif  // SRC_PCSC_DEBUGLOG_H_"  [build/header_guard] [5]
PCSC/src/PCSC/debuglog.h:90:  Missing space before ( in while(  [whitespace/parens] [5]
PCSC/src/PCSC/debuglog.h:91:  Missing space before ( in while(  [whitespace/parens] [5]
PCSC/src/PCSC/debuglog.h:92:  Missing space before ( in while(  [whitespace/parens] [5]
PCSC/src/PCSC/debuglog.h:93:  Missing space before ( in while(  [whitespace/parens] [5]
PCSC/src/PCSC/debuglog.h:94:  Missing space before ( in while(  [whitespace/parens] [5]
PCSC/src/PCSC/debuglog.h:95:  Missing space before ( in while(  [whitespace/parens] [5]
PCSC/src/PCSC/debuglog.h:96:  Missing space before ( in while(  [whitespace/parens] [5]
PCSC/src/PCSC/debuglog.h:97:  Missing space before ( in while(  [whitespace/parens] [5]
PCSC/src/configfile.h:35:  #ifndef header guard has wrong style, please use: SRC_CONFIGFILE_H_  [build/header_guard] [5]
PCSC/src/configfile.h:53:  #endif line should be "#endif  // SRC_CONFIGFILE_H_"  [build/header_guard] [5]
PCSC/src/dyn_generic.h:38:  #ifndef header guard has wrong style, please use: SRC_DYN_GENERIC_H_  [build/header_guard] [5]
PCSC/src/dyn_generic.h:45:  #endif line should be "#endif  // SRC_DYN_GENERIC_H_"  [build/header_guard] [5]
PCSC/src/configfile.c:0:  No copyright message found.  You should have a line: "Copyright [year] <Copyright Owner>"  [legal/copyright] [5]
PCSC/src/configfile.c:394:  Extra space before last semicolon. If this should be an empty statement, use {} instead.  [whitespace/semicolon] [5]
PCSC/src/configfile.c:426:  Extra space before last semicolon. If this should be an empty statement, use {} instead.  [whitespace/semicolon] [5]
PCSC/src/configfile.c:431:  Extra space before last semicolon. If this should be an empty statement, use {} instead.  [whitespace/semicolon] [5]
PCSC/src/configfile.c:437:  Extra space before last semicolon. If this should be an empty statement, use {} instead.  [whitespace/semicolon] [5]
PCSC/src/configfile.c:443:  Extra space before last semicolon. If this should be an empty statement, use {} instead.  [whitespace/semicolon] [5]
PCSC/src/configfile.c:452:  Extra space before last semicolon. If this should be an empty statement, use {} instead.  [whitespace/semicolon] [5]
PCSC/src/configfile.c:461:  Extra space before last semicolon. If this should be an empty statement, use {} instead.  [whitespace/semicolon] [5]
PCSC/src/configfile.c:777:  Extra space before last semicolon. If this should be an empty statement, use {} instead.  [whitespace/semicolon] [5]
PCSC/src/configfile.c:792:  Empty loop bodies should use {} or continue  [whitespace/empty_loop_body] [5]
PCSC/src/configfile.c:1699:  Extra space before last semicolon. If this should be an empty statement, use {} instead.  [whitespace/semicolon] [5]
PCSC/src/configfile.c:1704:  Extra space before last semicolon. If this should be an empty statement, use {} instead.  [whitespace/semicolon] [5]
PCSC/src/configfile.c:1714:  Extra space before last semicolon. If this should be an empty statement, use {} instead.  [whitespace/semicolon] [5]
PCSC/src/configfile.c:1786:  Line contains only semicolon. If this should be an empty statement, use {} instead.  [whitespace/semicolon] [5]
PCSC/src/configfile.c:2126:  Empty loop bodies should use {} or continue  [whitespace/empty_loop_body] [5]
PCSC/src/utils.h:31:  #ifndef header guard has wrong style, please use: SRC_UTILS_H_  [build/header_guard] [5]
PCSC/src/utils.h:58:  #endif line should be "#endif  // SRC_UTILS_H_"  [build/header_guard] [5]
PCSC/src/ifdwrapper.h:39:  #ifndef header guard has wrong style, please use: SRC_IFDWRAPPER_H_  [build/header_guard] [5]
PCSC/src/ifdwrapper.h:56:  #endif line should be "#endif  // SRC_IFDWRAPPER_H_"  [build/header_guard] [5]
PCSC/src/ifdwrapper.c:132:  If an else has a brace on one side, it should have it on both  [readability/braces] [5]
PCSC/src/PCSC/winscard.h:38:  #ifndef header guard has wrong style, please use: SRC_PCSC_WINSCARD_H_  [build/header_guard] [5]
PCSC/src/PCSC/winscard.h:122:  #endif line should be "#endif  // SRC_PCSC_WINSCARD_H_"  [build/header_guard] [5]
PCSC/src/PCSC/pcsclite.h:42:  #ifndef header guard has wrong style, please use: SRC_PCSC_PCSCLITE_H_  [build/header_guard] [5]
PCSC/src/PCSC/pcsclite.h:309:  #endif line should be "#endif  // SRC_PCSC_PCSCLITE_H_"  [build/header_guard] [5]
PCSC/src/pcsc-wirecheck-gen.c:46:  Missing space before ( in while(  [whitespace/parens] [5]
PCSC/src/pcsc-wirecheck-gen.c:51:  Missing space before ( in while(  [whitespace/parens] [5]
PCSC/src/pcsc-wirecheck-gen.c:67:  Missing space before ( in while(  [whitespace/parens] [5]
PCSC/src/pcsc-wirecheck-gen.c:74:  Missing space before ( in while(  [whitespace/parens] [5]
PCSC/src/pcsc-wirecheck-gen.c:81:  Missing space before ( in while(  [whitespace/parens] [5]
PCSC/src/pcsc-wirecheck-gen.c:86:  Missing space before ( in while(  [whitespace/parens] [5]
PCSC/src/pcsc-wirecheck-gen.c:91:  Missing space before ( in while(  [whitespace/parens] [5]
PCSC/src/pcsc-wirecheck-gen.c:97:  Missing space before ( in while(  [whitespace/parens] [5]
PCSC/src/pcsc-wirecheck-gen.c:103:  Missing space before ( in while(  [whitespace/parens] [5]
PCSC/src/parser.h:38:  #ifndef header guard has wrong style, please use: SRC_PARSER_H_  [build/header_guard] [5]
PCSC/src/parser.h:53:  #endif line should be "#endif  // SRC_PARSER_H_"  [build/header_guard] [5]
PCSC/src/auth.h:0:  No #ifndef header guard found, suggested CPP variable is: SRC_AUTH_H_  [build/header_guard] [5]
PCSC/src/PCSC/ifdhandler.h:251:  #ifndef header guard has wrong style, please use: SRC_PCSC_IFDHANDLER_H_  [build/header_guard] [5]
PCSC/src/PCSC/ifdhandler.h:826:  #endif line should be "#endif  // SRC_PCSC_IFDHANDLER_H_"  [build/header_guard] [5]
PCSC/src/utils/formaticc.c:149:  Extra space before last semicolon. If this should be an empty statement, use {} instead.  [whitespace/semicolon] [5]
PCSC/src/utils/formaticc.c:164:  Empty loop bodies should use {} or continue  [whitespace/empty_loop_body] [5]
PCSC/src/utils/formaticc.c:302:  Empty loop bodies should use {} or continue  [whitespace/empty_loop_body] [5]
PCSC/src/atrhandler.h:39:  #ifndef header guard has wrong style, please use: SRC_ATRHANDLER_H_  [build/header_guard] [5]
PCSC/src/atrhandler.h:48:  #endif line should be "#endif  // SRC_ATRHANDLER_H_"  [build/header_guard] [5]
PCSC/src/pcsc-wirecheck-dist.c:0:  No copyright message found.  You should have a line: "Copyright [year] <Copyright Owner>"  [legal/copyright] [5]
PCSC/src/lex.yyconfigfile.c:0:  No copyright message found.  You should have a line: "Copyright [year] <Copyright Owner>"  [legal/copyright] [5]
PCSC/src/lex.yyconfigfile.c:394:  Extra space before last semicolon. If this should be an empty statement, use {} instead.  [whitespace/semicolon] [5]
PCSC/src/lex.yyconfigfile.c:426:  Extra space before last semicolon. If this should be an empty statement, use {} instead.  [whitespace/semicolon] [5]
PCSC/src/lex.yyconfigfile.c:431:  Extra space before last semicolon. If this should be an empty statement, use {} instead.  [whitespace/semicolon] [5]
PCSC/src/lex.yyconfigfile.c:437:  Extra space before last semicolon. If this should be an empty statement, use {} instead.  [whitespace/semicolon] [5]
PCSC/src/lex.yyconfigfile.c:443:  Extra space before last semicolon. If this should be an empty statement, use {} instead.  [whitespace/semicolon] [5]
PCSC/src/lex.yyconfigfile.c:452:  Extra space before last semicolon. If this should be an empty statement, use {} instead.  [whitespace/semicolon] [5]
PCSC/src/lex.yyconfigfile.c:461:  Extra space before last semicolon. If this should be an empty statement, use {} instead.  [whitespace/semicolon] [5]
PCSC/src/lex.yyconfigfile.c:777:  Extra space before last semicolon. If this should be an empty statement, use {} instead.  [whitespace/semicolon] [5]
PCSC/src/lex.yyconfigfile.c:792:  Empty loop bodies should use {} or continue  [whitespace/empty_loop_body] [5]
PCSC/src/lex.yyconfigfile.c:1699:  Extra space before last semicolon. If this should be an empty statement, use {} instead.  [whitespace/semicolon] [5]
PCSC/src/lex.yyconfigfile.c:1704:  Extra space before last semicolon. If this should be an empty statement, use {} instead.  [whitespace/semicolon] [5]
PCSC/src/lex.yyconfigfile.c:1714:  Extra space before last semicolon. If this should be an empty statement, use {} instead.  [whitespace/semicolon] [5]
PCSC/src/lex.yyconfigfile.c:1786:  Line contains only semicolon. If this should be an empty statement, use {} instead.  [whitespace/semicolon] [5]
PCSC/src/lex.yyconfigfile.c:2126:  Empty loop bodies should use {} or continue  [whitespace/empty_loop_body] [5]
PCSC/src/winscard_msg.c:256:  If an else has a brace on one side, it should have it on both  [readability/braces] [5]
PCSC/src/winscard_msg.c:261:  If an else has a brace on one side, it should have it on both  [readability/braces] [5]
PCSC/src/winscard_msg.c:271:  If an else has a brace on one side, it should have it on both  [readability/braces] [5]
PCSC/src/winscard_msg.c:288:  If an else has a brace on one side, it should have it on both  [readability/braces] [5]
PCSC/src/winscard_msg.c:403:  If an else has a brace on one side, it should have it on both  [readability/braces] [5]
PCSC/src/winscard_msg.c:408:  If an else has a brace on one side, it should have it on both  [readability/braces] [5]
PCSC/src/winscard_msg.c:418:  If an else has a brace on one side, it should have it on both  [readability/braces] [5]
PCSC/src/winscard_msg.c:423:  If an else has a brace on one side, it should have it on both  [readability/braces] [5]
PCSC/src/winscard_msg.c:492:  If an else has a brace on one side, it should have it on both  [readability/braces] [5]
PCSC/src/winscard_msg.c:497:  If an else has a brace on one side, it should have it on both  [readability/braces] [5]
PCSC/doc/example/pcsc_demo.c:155:  Missing space before ( in switch(  [whitespace/parens] [5]
PCSC/src/sys_unix.c:122:  If an else has a brace on one side, it should have it on both  [readability/braces] [5]
PCSC/src/simclist.h:23:  #ifndef header guard has wrong style, please use: SRC_SIMCLIST_H_  [build/header_guard] [5]
PCSC/src/simclist.h:979:  #endif line should be "#endif  // SRC_SIMCLIST_H_"  [build/header_guard] [5]
PCSC/src/readerfactory.h:38:  #ifndef header guard has wrong style, please use: SRC_READERFACTORY_H_  [build/header_guard] [5]
PCSC/src/readerfactory.h:177:  #endif line should be "#endif  // SRC_READERFACTORY_H_"  [build/header_guard] [5]
PCSC/src/readerfactory.c:1174:  Empty loop bodies should use {} or continue  [whitespace/empty_loop_body] [5]
PCSC/src/lassert.h:32:  #ifndef header guard has wrong style, please use: SRC_LASSERT_H_  [build/header_guard] [5]
PCSC/src/lassert.h:64:  #endif line should be "#endif  // SRC_LASSERT_H_"  [build/header_guard] [5]
PCSC/src/pcscd.h:36:  #ifndef header guard has wrong style, please use: SRC_PCSCD_H_  [build/header_guard] [5]
PCSC/src/pcscd.h:86:  #endif line should be "#endif  // SRC_PCSCD_H_"  [build/header_guard] [5]
PCSC/src/simclist.c:452:  Missing space before ( in if(  [whitespace/parens] [5]
PCSC/src/simclist.c:458:  Empty loop bodies should use {} or continue  [whitespace/empty_loop_body] [5]
PCSC/src/simclist.c:461:  Empty loop bodies should use {} or continue  [whitespace/empty_loop_body] [5]
PCSC/src/simclist.c:464:  Empty loop bodies should use {} or continue  [whitespace/empty_loop_body] [5]
PCSC/src/simclist.c:467:  Empty loop bodies should use {} or continue  [whitespace/empty_loop_body] [5]
PCSC/src/simclist.c:607:  Empty loop bodies should use {} or continue  [whitespace/empty_loop_body] [5]
PCSC/src/simclist.c:610:  Empty loop bodies should use {} or continue  [whitespace/empty_loop_body] [5]
PCSC/src/simclist.c:894:  Empty loop bodies should use {} or continue  [whitespace/empty_loop_body] [5]
PCSC/src/simclist.c:896:  Empty loop bodies should use {} or continue  [whitespace/empty_loop_body] [5]
PCSC/src/simclist.c:904:  Empty loop bodies should use {} or continue  [whitespace/empty_loop_body] [5]
PCSC/src/simclist.c:906:  Empty loop bodies should use {} or continue  [whitespace/empty_loop_body] [5]
PCSC/src/pcscdaemon.c:738:  Complex multi-line /*...*/-style comment found. Lint may give bogus warnings.  Consider replacing these with //-style comments, with #if 0...#endif, or with more clearly structured multi-line comments.  [readability/multiline_comment] [5]
PCSC/src/strlcpycat.h:0:  No #ifndef header guard found, suggested CPP variable is: SRC_STRLCPYCAT_H_  [build/header_guard] [5]
PCSC/src/atrhandler.c:209:  Empty loop bodies should use {} or continue  [whitespace/empty_loop_body] [5]
PCSC/src/pcsc-wirecheck-main.c:0:  No copyright message found.  You should have a line: "Copyright [year] <Copyright Owner>"  [legal/copyright] [5]
PCSC/src/PCSC/reader.h:38:  #ifndef header guard has wrong style, please use: SRC_PCSC_READER_H_  [build/header_guard] [5]
PCSC/src/PCSC/reader.h:270:  #endif line should be "#endif  // SRC_PCSC_READER_H_"  [build/header_guard] [5]
PCSC/src/PCSC/reader.h:178:  Complex multi-line /*...*/-style comment found. Lint may give bogus warnings.  Consider replacing these with //-style comments, with #if 0...#endif, or with more clearly structured multi-line comments.  [readability/multiline_comment] [5]
PCSC/src/PCSC/reader.h:181:  Complex multi-line /*...*/-style comment found. Lint may give bogus warnings.  Consider replacing these with //-style comments, with #if 0...#endif, or with more clearly structured multi-line comments.  [readability/multiline_comment] [5]
PCSC/src/PCSC/reader.h:185:  Complex multi-line /*...*/-style comment found. Lint may give bogus warnings.  Consider replacing these with //-style comments, with #if 0...#endif, or with more clearly structured multi-line comments.  [readability/multiline_comment] [5]
PCSC/src/PCSC/reader.h:187:  Complex multi-line /*...*/-style comment found. Lint may give bogus warnings.  Consider replacing these with //-style comments, with #if 0...#endif, or with more clearly structured multi-line comments.  [readability/multiline_comment] [5]
PCSC/src/PCSC/reader.h:200:  Line contains only semicolon. If this should be an empty statement, use {} instead.  [whitespace/semicolon] [5]
PCSC/src/PCSC/reader.h:209:  Complex multi-line /*...*/-style comment found. Lint may give bogus warnings.  Consider replacing these with //-style comments, with #if 0...#endif, or with more clearly structured multi-line comments.  [readability/multiline_comment] [5]
PCSC/src/PCSC/reader.h:212:  Complex multi-line /*...*/-style comment found. Lint may give bogus warnings.  Consider replacing these with //-style comments, with #if 0...#endif, or with more clearly structured multi-line comments.  [readability/multiline_comment] [5]
PCSC/src/PCSC/reader.h:216:  Complex multi-line /*...*/-style comment found. Lint may give bogus warnings.  Consider replacing these with //-style comments, with #if 0...#endif, or with more clearly structured multi-line comments.  [readability/multiline_comment] [5]
PCSC/src/PCSC/reader.h:218:  Complex multi-line /*...*/-style comment found. Lint may give bogus warnings.  Consider replacing these with //-style comments, with #if 0...#endif, or with more clearly structured multi-line comments.  [readability/multiline_comment] [5]
PCSC/src/PCSC/reader.h:224:  Complex multi-line /*...*/-style comment found. Lint may give bogus warnings.  Consider replacing these with //-style comments, with #if 0...#endif, or with more clearly structured multi-line comments.  [readability/multiline_comment] [5]
PCSC/src/PCSC/reader.h:239:  Line contains only semicolon. If this should be an empty statement, use {} instead.  [whitespace/semicolon] [5]
PCSC/src/strlcpy.c:54:  Line contains only semicolon. If this should be an empty statement, use {} instead.  [whitespace/semicolon] [5]
PCSC/src/misc.h:33:  #ifndef header guard has wrong style, please use: SRC_MISC_H_  [build/header_guard] [5]
PCSC/src/misc.h:85:  #endif line should be "#endif  // SRC_MISC_H_"  [build/header_guard] [5]
PCSC/src/misc.h:49:  Complex multi-line /*...*/-style comment found. Lint may give bogus warnings.  Consider replacing these with //-style comments, with #if 0...#endif, or with more clearly structured multi-line comments.  [readability/multiline_comment] [5]
PCSC/src/utils.c:103:  Extra space before last semicolon. If this should be an empty statement, use {} instead.  [whitespace/semicolon] [5]
PCSC/src/tokenparser.c:0:  No copyright message found.  You should have a line: "Copyright [year] <Copyright Owner>"  [legal/copyright] [5]
PCSC/src/tokenparser.c:415:  Extra space before last semicolon. If this should be an empty statement, use {} instead.  [whitespace/semicolon] [5]
PCSC/src/tokenparser.c:447:  Extra space before last semicolon. If this should be an empty statement, use {} instead.  [whitespace/semicolon] [5]
PCSC/src/tokenparser.c:453:  Extra space before last semicolon. If this should be an empty statement, use {} instead.  [whitespace/semicolon] [5]
PCSC/src/tokenparser.c:462:  Extra space before last semicolon. If this should be an empty statement, use {} instead.  [whitespace/semicolon] [5]
PCSC/src/tokenparser.c:471:  Extra space before last semicolon. If this should be an empty statement, use {} instead.  [whitespace/semicolon] [5]
PCSC/src/tokenparser.c:482:  Extra space before last semicolon. If this should be an empty statement, use {} instead.  [whitespace/semicolon] [5]
PCSC/src/tokenparser.c:493:  Extra space before last semicolon. If this should be an empty statement, use {} instead.  [whitespace/semicolon] [5]
PCSC/src/tokenparser.c:806:  Extra space before last semicolon. If this should be an empty statement, use {} instead.  [whitespace/semicolon] [5]
PCSC/src/tokenparser.c:821:  Empty loop bodies should use {} or continue  [whitespace/empty_loop_body] [5]
PCSC/src/tokenparser.c:1727:  Extra space before last semicolon. If this should be an empty statement, use {} instead.  [whitespace/semicolon] [5]
PCSC/src/tokenparser.c:1732:  Extra space before last semicolon. If this should be an empty statement, use {} instead.  [whitespace/semicolon] [5]
PCSC/src/tokenparser.c:1742:  Extra space before last semicolon. If this should be an empty statement, use {} instead.  [whitespace/semicolon] [5]
PCSC/src/tokenparser.c:1814:  Line contains only semicolon. If this should be an empty statement, use {} instead.  [whitespace/semicolon] [5]
PCSC/src/tokenparser.c:1865:  Line contains only semicolon. If this should be an empty statement, use {} instead.  [whitespace/semicolon] [5]
PCSC/src/tokenparser.c:1895:  Line contains only semicolon. If this should be an empty statement, use {} instead.  [whitespace/semicolon] [5]
PCSC/src/eventhandler.h:39:  #ifndef header guard has wrong style, please use: SRC_EVENTHANDLER_H_  [build/header_guard] [5]
PCSC/src/eventhandler.h:82:  #endif line should be "#endif  // SRC_EVENTHANDLER_H_"  [build/header_guard] [5]
PCSC/UnitaryTests/SCardBeginTransaction.c:0:  No copyright message found.  You should have a line: "Copyright [year] <Copyright Owner>"  [legal/copyright] [5]
PCSC/src/prothandler.h:38:  #ifndef header guard has wrong style, please use: SRC_PROTHANDLER_H_  [build/header_guard] [5]
PCSC/src/prothandler.h:46:  #endif line should be "#endif  // SRC_PROTHANDLER_H_"  [build/header_guard] [5]
PCSC/src/spy/libpcscspy.c:310:  Missing space before ( in while(  [whitespace/parens] [5]
PCSC/src/winscard_svc.h:41:  #ifndef header guard has wrong style, please use: SRC_WINSCARD_SVC_H_  [build/header_guard] [5]
PCSC/src/winscard_svc.h:50:  #endif line should be "#endif  // SRC_WINSCARD_SVC_H_"  [build/header_guard] [5]
PCSC/src/testpcsc.c:151:  Extra space before last semicolon. If this should be an empty statement, use {} instead.  [whitespace/semicolon] [5]
PCSC/src/testpcsc.c:202:  Extra space before last semicolon. If this should be an empty statement, use {} instead.  [whitespace/semicolon] [5]
PCSC/src/testpcsc.c:221:  Empty loop bodies should use {} or continue  [whitespace/empty_loop_body] [5]
PCSC/config.h:0:  No copyright message found.  You should have a line: "Copyright [year] <Copyright Owner>"  [legal/copyright] [5]
PCSC/config.h:0:  No #ifndef header guard found, suggested CPP variable is: CONFIG_H_  [build/header_guard] [5]
